2018-02-27 14:51:26,698:WARNING:discord.client: PyNaCl is not installed, voice will NOT be supported
2018-02-27 14:51:26,698:INFO:discord.client: on_ready has successfully been registered as an event
2018-02-27 14:51:26,698:INFO:discord.client: on_message has successfully been registered as an event
2018-02-27 14:51:26,699:INFO:discord.client: logging in using static token
2018-02-27 14:51:27,238:DEBUG:discord.http: GET https://discordapp.com/api/v6/users/@me with None has returned 200
2018-02-27 14:51:27,239:DEBUG:discord.http: GET https://discordapp.com/api/v6/users/@me has received {'username': 'Eustace-Bot', 'verified': True, 'mfa_enabled': False, 'bot': True, 'id': '418078080255655936', 'avatar': '46eb192e260ea853e32601ad23c0a14a', 'discriminator': '4994', 'email': None}
2018-02-27 14:51:27,274:DEBUG:discord.http: GET https://discordapp.com/api/v6/gateway with None has returned 200
2018-02-27 14:51:27,274:DEBUG:discord.http: GET https://discordapp.com/api/v6/gateway has received {'url': 'wss://gateway.discord.gg'}
2018-02-27 14:51:27,558:INFO:discord.gateway: Created websocket connected to wss://gateway.discord.gg?encoding=json&v=6
2018-02-27 14:51:27,558:DEBUG:discord.client: Dispatching event socket_raw_receive
2018-02-27 14:51:27,558:DEBUG:discord.gateway: WebSocket Event: {'t': None, 's': None, 'op': 10, 'd': {'heartbeat_interval': 41250, '_trace': ['gateway-prd-main-8d8b']}}
2018-02-27 14:51:27,558:DEBUG:discord.client: Dispatching event socket_response
2018-02-27 14:51:27,560:INFO:discord.gateway: sent the identify payload to create the websocket
2018-02-27 14:51:27,693:DEBUG:discord.client: Dispatching event socket_raw_receive
2018-02-27 14:51:27,694:DEBUG:discord.gateway: WebSocket Event: {'t': 'READY', 's': 1, 'op': 0, 'd': {'v': 6, 'user_settings': {}, 'user': {'verified': True, 'username': 'Eustace-Bot', 'mfa_enabled': False, 'id': '418078080255655936', 'email': None, 'discriminator': '4994', 'bot': True, 'avatar': '46eb192e260ea853e32601ad23c0a14a'}, 'session_id': '6eff2f53072424c40f87641093ac731a', 'relationships': [], 'private_channels': [], 'presences': [], 'guilds': [{'unavailable': True, 'id': '416622517705506816'}], '_trace': ['gateway-prd-main-8d8b', 'discord-sessions-prd-1-4']}}
2018-02-27 14:51:27,694:DEBUG:discord.client: Dispatching event socket_response
2018-02-27 14:51:27,695:DEBUG:discord.client: Dispatching event socket_raw_receive
2018-02-27 14:51:27,695:DEBUG:discord.gateway: WebSocket Event: {'t': 'GUILD_CREATE', 's': 2, 'op': 0, 'd': {'voice_states': [], 'verification_level': 0, 'unavailable': False, 'system_channel_id': '416622518183526410', 'splash': None, 'roles': [{'position': 0, 'permissions': 1983372537, 'name': '@everyone', 'mentionable': False, 'managed': False, 'id': '416622517705506816', 'hoist': False, 'color': 0}], 'region': 'us-south', 'presences': [{'user': {'id': '266376212589445130'}, 'status': 'online', 'game': {'type': 0, 'timestamps': {'start': 1519709685372}, 'name': 'Twitch/Youtube'}}, {'user': {'id': '415934912936411150'}, 'status': 'online', 'game': None}, {'user': {'id': '416310647328997379'}, 'status': 'online', 'game': None}, {'user': {'id': '416311656008646656'}, 'status': 'online', 'game': None}, {'user': {'id': '417727548567453696'}, 'status': 'online', 'game': {'type': 0, 'name': '.help for commands'}}, {'user': {'id': '418078080255655936'}, 'status': 'online', 'game': None}], 'owner_id': '416311656008646656', 'name': 'Playground', 'mfa_level': 0, 'members': [{'user': {'username': 'Zachbrak', 'id': '266376212589445130', 'discriminator': '1337', 'avatar': '435cfb0dbd8ffdd5aceee4ad244515c3'}, 'roles': [], 'nick': None, 'mute': False, 'joined_at': '2018-02-23T16:23:32.936429+00:00', 'deaf': False}, {'user': {'username': 'Crumbie', 'id': '415934912936411150', 'discriminator': '3813', 'avatar': '81a496b3af9bcc45fc08af487a07893c'}, 'roles': [], 'nick': None, 'mute': False, 'joined_at': '2018-02-23T17:37:23.827447+00:00', 'deaf': False}, {'user': {'username': 'freeman', 'id': '416310647328997379', 'discriminator': '3237', 'avatar': 'e64376ca8108835ff7698b670b1c63b7'}, 'roles': [], 'nick': None, 'mute': False, 'joined_at': '2018-02-23T16:24:30.252596+00:00', 'deaf': False}, {'user': {'username': 'Alott', 'id': '416311656008646656', 'discriminator': '1665', 'avatar': None}, 'roles': [], 'mute': False, 'joined_at': '2018-02-23T15:49:08.756000+00:00', 'deaf': False}, {'user': {'username': 'greeter-bot', 'id': '416621426242486273', 'discriminator': '3862', 'bot': True, 'avatar': '825d243ea75556b37d94a8d1084f8de0'}, 'roles': [], 'nick': None, 'mute': False, 'joined_at': '2018-02-23T15:51:47.255070+00:00', 'deaf': False}, {'user': {'username': 'repperson', 'id': '416631229912186881', 'discriminator': '6832', 'avatar': 'e4de0f7a56d208cf086108de16100ebf'}, 'roles': [], 'nick': None, 'mute': False, 'joined_at': '2018-02-23T20:24:13.900496+00:00', 'deaf': False}, {'user': {'username': 'Addison', 'id': '416647615405621268', 'discriminator': '5733', 'avatar': None}, 'roles': [], 'nick': None, 'mute': False, 'joined_at': '2018-02-23T17:33:07.348635+00:00', 'deaf': False}, {'user': {'username': 'test-bot', 'id': '416699822192590848', 'discriminator': '9736', 'bot': True, 'avatar': '870fcb0a5da721a757c6b576c340f8c8'}, 'roles': [], 'nick': None, 'mute': False, 'joined_at': '2018-02-26T16:35:57.180169+00:00', 'deaf': False}, {'user': {'username': 'j-c-s', 'id': '417722349920714764', 'discriminator': '6542', 'avatar': 'c4ff4a5fdf8ddd3145e34fb4a016007c'}, 'roles': [], 'nick': None, 'mute': False, 'joined_at': '2018-02-26T16:51:06.803255+00:00', 'deaf': False}, {'user': {'username': 'MemeMachine', 'id': '417727548567453696', 'discriminator': '2695', 'bot': True, 'avatar': '07a870d20433ce0f90862345f0cf87f6'}, 'roles': [], 'nick': None, 'mute': False, 'joined_at': '2018-02-26T17:38:59.969813+00:00', 'deaf': False}, {'user': {'username': 'dog', 'id': '418048063865618433', 'discriminator': '2015', 'bot': True, 'avatar': '051d23f91d3e5076e6b8f9816e78a238'}, 'roles': [], 'nick': None, 'mute': False, 'joined_at': '2018-02-27T14:20:07.848981+00:00', 'deaf': False}, {'user': {'username': 'Eustace-Bot', 'id': '418078080255655936', 'discriminator': '4994', 'bot': True, 'avatar': '46eb192e260ea853e32601ad23c0a14a'}, 'roles': [], 'nick': None, 'mute': False, 'joined_at': '2018-02-27T16:16:31.335811+00:00', 'deaf': False}], 'member_count': 12, 'large': False, 'joined_at': '2018-02-27T16:16:31.335811+00:00', 'id': '416622517705506816', 'icon': '8647d54d2e3694cf43801194c17b2d51', 'features': [], 'explicit_content_filter': 0, 'emojis': [], 'default_message_notifications': 1, 'channels': [{'type': 4, 'position': 0, 'permission_overwrites': [], 'parent_id': None, 'nsfw': False, 'name': 'Text Channels', 'id': '416622517705506820'}, {'type': 0, 'topic': None, 'position': 0, 'permission_overwrites': [], 'parent_id': '416622517705506820', 'nsfw': False, 'name': 'general', 'last_pin_timestamp': '2018-02-27T18:05:41.303152+00:00', 'last_message_id': '418147817928916993', 'id': '416622518183526410'}, {'type': 4, 'position': 0, 'permission_overwrites': [], 'parent_id': None, 'nsfw': False, 'name': 'Voice Channels', 'id': '416622518183526411'}, {'user_limit': 0, 'type': 2, 'position': 0, 'permission_overwrites': [], 'parent_id': '416622518183526411', 'nsfw': False, 'name': 'General', 'id': '416622518183526412', 'bitrate': 64000}, {'type': 0, 'topic': None, 'position': 1, 'permission_overwrites': [], 'parent_id': '416622517705506820', 'nsfw': False, 'name': 'greeter-bot', 'last_message_id': '417782383178285066', 'id': '416695226099302411'}], 'application_id': None, 'afk_timeout': 300, 'afk_channel_id': None}}
2018-02-27 14:51:27,696:DEBUG:discord.client: Dispatching event socket_response
2018-02-27 14:51:27,697:DEBUG:discord.client: Dispatching event server_available
2018-02-27 14:51:29,697:DEBUG:discord.client: Dispatching event ready
2018-02-27 14:51:37,018:DEBUG:discord.client: Dispatching event socket_raw_receive
2018-02-27 14:51:37,018:DEBUG:discord.gateway: WebSocket Event: {'t': 'TYPING_START', 's': 3, 'op': 0, 'd': {'user_id': '415934912936411150', 'timestamp': 1519764696, 'channel_id': '416622518183526410'}}
2018-02-27 14:51:37,019:DEBUG:discord.client: Dispatching event socket_response
2018-02-27 14:51:37,019:DEBUG:discord.client: Dispatching event typing
2018-02-27 14:51:37,869:DEBUG:discord.client: Dispatching event socket_raw_receive
2018-02-27 14:51:37,870:DEBUG:discord.gateway: WebSocket Event: {'t': 'MESSAGE_CREATE', 's': 4, 'op': 0, 'd': {'type': 0, 'tts': False, 'timestamp': '2018-02-27T20:51:37.035000+00:00', 'pinned': False, 'nonce': '418148191691603968', 'mentions': [], 'mention_roles': [], 'mention_everyone': False, 'id': '418148188831219722', 'embeds': [], 'edited_timestamp': None, 'content': 'this is unacceptable', 'channel_id': '416622518183526410', 'author': {'username': 'Crumbie', 'id': '415934912936411150', 'discriminator': '3813', 'avatar': '81a496b3af9bcc45fc08af487a07893c'}, 'attachments': []}}
2018-02-27 14:51:37,870:DEBUG:discord.client: Dispatching event socket_response
2018-02-27 14:51:37,871:DEBUG:discord.client: Dispatching event message
2018-02-27 14:51:38,979:DEBUG:discord.client: Dispatching event socket_raw_receive
2018-02-27 14:51:38,980:DEBUG:discord.gateway: WebSocket Event: {'t': 'MESSAGE_CREATE', 's': 5, 'op': 0, 'd': {'type': 0, 'tts': False, 'timestamp': '2018-02-27T20:51:38.133000+00:00', 'pinned': False, 'nonce': None, 'mentions': [], 'mention_roles': [], 'mention_everyone': False, 'id': '418148193436434433', 'embeds': [], 'edited_timestamp': None, 'content': '', 'channel_id': '416622518183526410', 'author': {'username': 'Eustace-Bot', 'id': '418078080255655936', 'discriminator': '4994', 'bot': True, 'avatar': '46eb192e260ea853e32601ad23c0a14a'}, 'attachments': [{'width': 345, 'url': 'https://cdn.discordapp.com/attachments/416622518183526410/418148192580927498/lemon.gif', 'size': 2598637, 'proxy_url': 'https://media.discordapp.net/attachments/416622518183526410/418148192580927498/lemon.gif', 'id': '418148192580927498', 'height': 283, 'filename': 'lemon.gif'}]}}
2018-02-27 14:51:38,980:DEBUG:discord.client: Dispatching event socket_response
2018-02-27 14:51:38,981:DEBUG:discord.client: Dispatching event message
2018-02-27 14:51:39,019:DEBUG:discord.http: POST https://discordapp.com/api/v6/channels/416622518183526410/messages with <aiohttp.helpers.FormData object at 0x00000242B79BAA58> has returned 200
2018-02-27 14:51:39,019:DEBUG:discord.http: POST https://discordapp.com/api/v6/channels/416622518183526410/messages has received {'nonce': None, 'attachments': [{'url': 'https://cdn.discordapp.com/attachments/416622518183526410/418148192580927498/lemon.gif', 'proxy_url': 'https://media.discordapp.net/attachments/416622518183526410/418148192580927498/lemon.gif', 'filename': 'lemon.gif', 'width': 345, 'height': 283, 'id': '418148192580927498', 'size': 2598637}], 'tts': False, 'embeds': [], 'timestamp': '2018-02-27T20:51:38.133000+00:00', 'mention_everyone': False, 'id': '418148193436434433', 'pinned': False, 'edited_timestamp': None, 'author': {'username': 'Eustace-Bot', 'discriminator': '4994', 'bot': True, 'id': '418078080255655936', 'avatar': '46eb192e260ea853e32601ad23c0a14a'}, 'mention_roles': [], 'content': '', 'channel_id': '416622518183526410', 'mentions': [], 'type': 0}
2018-02-27 14:52:08,810:DEBUG:discord.gateway: Keeping websocket alive with sequence 5
2018-02-27 14:52:08,891:DEBUG:discord.client: Dispatching event socket_raw_receive
2018-02-27 14:52:08,891:DEBUG:discord.gateway: WebSocket Event: {'t': None, 's': None, 'op': 11, 'd': None}
2018-02-27 14:52:08,892:DEBUG:discord.client: Dispatching event socket_response
2018-02-27 14:52:29,283:DEBUG:discord.client: Dispatching event socket_raw_receive
2018-02-27 14:52:29,283:DEBUG:discord.gateway: WebSocket Event: {'t': 'GUILD_UPDATE', 's': 6, 'op': 0, 'd': {'widget_enabled': True, 'widget_channel_id': None, 'verification_level': 0, 'system_channel_id': '416622518183526410', 'splash': None, 'roles': [{'position': 0, 'permissions': 1983372537, 'name': '@everyone', 'mentionable': False, 'managed': False, 'id': '416622517705506816', 'hoist': False, 'color': 0}], 'region': 'us-south', 'owner_id': '416311656008646656', 'name': 'Playground', 'mfa_level': 0, 'id': '416622517705506816', 'icon': '8647d54d2e3694cf43801194c17b2d51', 'features': [], 'explicit_content_filter': 0, 'emojis': [], 'embed_enabled': True, 'embed_channel_id': None, 'default_message_notifications': 1, 'application_id': None, 'afk_timeout': 300, 'afk_channel_id': None}}
2018-02-27 14:52:29,284:DEBUG:discord.client: Dispatching event socket_response
2018-02-27 14:52:29,284:DEBUG:discord.client: Dispatching event server_update
2018-02-27 14:52:33,106:DEBUG:discord.client: Dispatching event socket_raw_receive
2018-02-27 14:52:33,107:DEBUG:discord.gateway: WebSocket Event: {'t': 'GUILD_UPDATE', 's': 7, 'op': 0, 'd': {'widget_enabled': False, 'widget_channel_id': None, 'verification_level': 0, 'system_channel_id': '416622518183526410', 'splash': None, 'roles': [{'position': 0, 'permissions': 1983372537, 'name': '@everyone', 'mentionable': False, 'managed': False, 'id': '416622517705506816', 'hoist': False, 'color': 0}], 'region': 'us-south', 'owner_id': '416311656008646656', 'name': 'Playground', 'mfa_level': 0, 'id': '416622517705506816', 'icon': '8647d54d2e3694cf43801194c17b2d51', 'features': [], 'explicit_content_filter': 0, 'emojis': [], 'embed_enabled': False, 'embed_channel_id': None, 'default_message_notifications': 1, 'application_id': None, 'afk_timeout': 300, 'afk_channel_id': None}}
2018-02-27 14:52:33,107:DEBUG:discord.client: Dispatching event socket_response
2018-02-27 14:52:33,107:DEBUG:discord.client: Dispatching event server_update
2018-02-27 14:52:34,835:DEBUG:discord.client: Dispatching event socket_raw_receive
2018-02-27 14:52:34,835:DEBUG:discord.gateway: WebSocket Event: {'t': 'GUILD_UPDATE', 's': 8, 'op': 0, 'd': {'widget_enabled': True, 'widget_channel_id': None, 'verification_level': 0, 'system_channel_id': '416622518183526410', 'splash': None, 'roles': [{'position': 0, 'permissions': 1983372537, 'name': '@everyone', 'mentionable': False, 'managed': False, 'id': '416622517705506816', 'hoist': False, 'color': 0}], 'region': 'us-south', 'owner_id': '416311656008646656', 'name': 'Playground', 'mfa_level': 0, 'id': '416622517705506816', 'icon': '8647d54d2e3694cf43801194c17b2d51', 'features': [], 'explicit_content_filter': 0, 'emojis': [], 'embed_enabled': True, 'embed_channel_id': None, 'default_message_notifications': 1, 'application_id': None, 'afk_timeout': 300, 'afk_channel_id': None}}
2018-02-27 14:52:34,835:DEBUG:discord.client: Dispatching event socket_response
2018-02-27 14:52:34,835:DEBUG:discord.client: Dispatching event server_update
2018-02-27 14:52:35,545:DEBUG:discord.client: Dispatching event socket_raw_receive
2018-02-27 14:52:35,545:DEBUG:discord.gateway: WebSocket Event: {'t': 'GUILD_UPDATE', 's': 9, 'op': 0, 'd': {'widget_enabled': False, 'widget_channel_id': None, 'verification_level': 0, 'system_channel_id': '416622518183526410', 'splash': None, 'roles': [{'position': 0, 'permissions': 1983372537, 'name': '@everyone', 'mentionable': False, 'managed': False, 'id': '416622517705506816', 'hoist': False, 'color': 0}], 'region': 'us-south', 'owner_id': '416311656008646656', 'name': 'Playground', 'mfa_level': 0, 'id': '416622517705506816', 'icon': '8647d54d2e3694cf43801194c17b2d51', 'features': [], 'explicit_content_filter': 0, 'emojis': [], 'embed_enabled': False, 'embed_channel_id': None, 'default_message_notifications': 1, 'application_id': None, 'afk_timeout': 300, 'afk_channel_id': None}}
2018-02-27 14:52:35,546:DEBUG:discord.client: Dispatching event socket_response
2018-02-27 14:52:35,546:DEBUG:discord.client: Dispatching event server_update
2018-02-27 14:52:50,062:DEBUG:discord.gateway: Keeping websocket alive with sequence 9
2018-02-27 14:52:50,149:DEBUG:discord.client: Dispatching event socket_raw_receive
2018-02-27 14:52:50,150:DEBUG:discord.gateway: WebSocket Event: {'t': None, 's': None, 'op': 11, 'd': None}
2018-02-27 14:52:50,150:DEBUG:discord.client: Dispatching event socket_response
2018-02-27 14:53:31,315:DEBUG:discord.gateway: Keeping websocket alive with sequence 9
2018-02-27 14:53:31,397:DEBUG:discord.client: Dispatching event socket_raw_receive
2018-02-27 14:53:31,397:DEBUG:discord.gateway: WebSocket Event: {'t': None, 's': None, 'op': 11, 'd': None}
2018-02-27 14:53:31,398:DEBUG:discord.client: Dispatching event socket_response
2018-02-27 14:54:12,567:DEBUG:discord.gateway: Keeping websocket alive with sequence 9
2018-02-27 14:54:12,659:DEBUG:discord.client: Dispatching event socket_raw_receive
2018-02-27 14:54:12,659:DEBUG:discord.gateway: WebSocket Event: {'t': None, 's': None, 'op': 11, 'd': None}
2018-02-27 14:54:12,659:DEBUG:discord.client: Dispatching event socket_response
2018-02-27 14:54:53,822:DEBUG:discord.gateway: Keeping websocket alive with sequence 9
2018-02-27 14:54:53,900:DEBUG:discord.client: Dispatching event socket_raw_receive
2018-02-27 14:54:53,900:DEBUG:discord.gateway: WebSocket Event: {'t': None, 's': None, 'op': 11, 'd': None}
2018-02-27 14:54:53,900:DEBUG:discord.client: Dispatching event socket_response
2018-02-27 14:55:35,073:DEBUG:discord.gateway: Keeping websocket alive with sequence 9
2018-02-27 14:55:35,206:DEBUG:discord.client: Dispatching event socket_raw_receive
2018-02-27 14:55:35,207:DEBUG:discord.gateway: WebSocket Event: {'t': None, 's': None, 'op': 11, 'd': None}
2018-02-27 14:55:35,207:DEBUG:discord.client: Dispatching event socket_response
2018-02-27 14:56:16,326:DEBUG:discord.gateway: Keeping websocket alive with sequence 9
2018-02-27 14:56:16,418:DEBUG:discord.client: Dispatching event socket_raw_receive
2018-02-27 14:56:16,419:DEBUG:discord.gateway: WebSocket Event: {'t': None, 's': None, 'op': 11, 'd': None}
2018-02-27 14:56:16,419:DEBUG:discord.client: Dispatching event socket_response
2018-02-27 14:56:57,578:DEBUG:discord.gateway: Keeping websocket alive with sequence 9
2018-02-27 14:56:57,736:DEBUG:discord.client: Dispatching event socket_raw_receive
2018-02-27 14:56:57,737:DEBUG:discord.gateway: WebSocket Event: {'t': None, 's': None, 'op': 11, 'd': None}
2018-02-27 14:56:57,737:DEBUG:discord.client: Dispatching event socket_response
2018-02-27 14:57:38,829:DEBUG:discord.gateway: Keeping websocket alive with sequence 9
2018-02-27 14:57:38,917:DEBUG:discord.client: Dispatching event socket_raw_receive
2018-02-27 14:57:38,917:DEBUG:discord.gateway: WebSocket Event: {'t': None, 's': None, 'op': 11, 'd': None}
2018-02-27 14:57:38,917:DEBUG:discord.client: Dispatching event socket_response
2018-02-27 14:57:39,404:DEBUG:discord.client: Dispatching event socket_raw_receive
2018-02-27 14:57:39,404:DEBUG:discord.gateway: WebSocket Event: {'t': 'PRESENCE_UPDATE', 's': 10, 'op': 0, 'd': {'user': {'id': '416311656008646656'}, 'status': 'idle', 'roles': [], 'nick': None, 'guild_id': '416622517705506816', 'game': None}}
2018-02-27 14:57:39,404:DEBUG:discord.client: Dispatching event socket_response
2018-02-27 14:57:39,405:DEBUG:discord.client: Dispatching event member_update
2018-02-27 14:58:20,081:DEBUG:discord.gateway: Keeping websocket alive with sequence 10
2018-02-27 14:58:20,168:DEBUG:discord.client: Dispatching event socket_raw_receive
2018-02-27 14:58:20,168:DEBUG:discord.gateway: WebSocket Event: {'t': None, 's': None, 'op': 11, 'd': None}
2018-02-27 14:58:20,168:DEBUG:discord.client: Dispatching event socket_response
2018-02-27 14:59:01,336:DEBUG:discord.gateway: Keeping websocket alive with sequence 10
2018-02-27 14:59:01,549:DEBUG:discord.client: Dispatching event socket_raw_receive
2018-02-27 14:59:01,549:DEBUG:discord.gateway: WebSocket Event: {'t': None, 's': None, 'op': 11, 'd': None}
2018-02-27 14:59:01,549:DEBUG:discord.client: Dispatching event socket_response
2018-02-27 14:59:42,590:DEBUG:discord.gateway: Keeping websocket alive with sequence 10
2018-02-27 14:59:42,682:DEBUG:discord.client: Dispatching event socket_raw_receive
2018-02-27 14:59:42,683:DEBUG:discord.gateway: WebSocket Event: {'t': None, 's': None, 'op': 11, 'd': None}
2018-02-27 14:59:42,683:DEBUG:discord.client: Dispatching event socket_response
2018-02-27 15:00:23,843:DEBUG:discord.gateway: Keeping websocket alive with sequence 10
2018-02-27 15:00:23,931:DEBUG:discord.client: Dispatching event socket_raw_receive
2018-02-27 15:00:23,931:DEBUG:discord.gateway: WebSocket Event: {'t': None, 's': None, 'op': 11, 'd': None}
2018-02-27 15:00:23,931:DEBUG:discord.client: Dispatching event socket_response
2018-02-27 15:01:05,109:DEBUG:discord.gateway: Keeping websocket alive with sequence 10
2018-02-27 15:01:05,199:DEBUG:discord.client: Dispatching event socket_raw_receive
2018-02-27 15:01:05,203:DEBUG:discord.gateway: WebSocket Event: {'t': None, 's': None, 'op': 11, 'd': None}
2018-02-27 15:01:05,203:DEBUG:discord.client: Dispatching event socket_response
2018-02-27 15:01:36,150:DEBUG:discord.client: Dispatching event socket_raw_receive
2018-02-27 15:01:36,150:DEBUG:discord.gateway: WebSocket Event: {'t': 'PRESENCE_UPDATE', 's': 11, 'op': 0, 'd': {'user': {'id': '416311656008646656'}, 'status': 'offline', 'roles': [], 'nick': None, 'guild_id': '416622517705506816', 'game': None}}
2018-02-27 15:01:36,150:DEBUG:discord.client: Dispatching event socket_response
2018-02-27 15:01:36,150:DEBUG:discord.client: Dispatching event member_update
2018-02-27 15:01:46,371:DEBUG:discord.gateway: Keeping websocket alive with sequence 11
2018-02-27 15:01:46,456:DEBUG:discord.client: Dispatching event socket_raw_receive
2018-02-27 15:01:46,456:DEBUG:discord.gateway: WebSocket Event: {'t': None, 's': None, 'op': 11, 'd': None}
2018-02-27 15:01:46,456:DEBUG:discord.client: Dispatching event socket_response
2018-02-27 15:02:27,629:DEBUG:discord.gateway: Keeping websocket alive with sequence 11
2018-02-27 15:02:27,735:DEBUG:discord.client: Dispatching event socket_raw_receive
2018-02-27 15:02:27,735:DEBUG:discord.gateway: WebSocket Event: {'t': None, 's': None, 'op': 11, 'd': None}
2018-02-27 15:02:27,735:DEBUG:discord.client: Dispatching event socket_response
2018-02-27 15:02:59,906:DEBUG:discord.client: Dispatching event socket_raw_receive
2018-02-27 15:02:59,906:DEBUG:discord.gateway: WebSocket Event: {'t': 'PRESENCE_UPDATE', 's': 12, 'op': 0, 'd': {'user': {'username': 'Alott', 'id': '416311656008646656', 'discriminator': '1665', 'avatar': None}, 'status': 'online', 'roles': [], 'nick': None, 'guild_id': '416622517705506816', 'game': None}}
2018-02-27 15:02:59,906:DEBUG:discord.client: Dispatching event socket_response
2018-02-27 15:02:59,906:DEBUG:discord.client: Dispatching event member_update
2018-02-27 15:03:08,890:DEBUG:discord.gateway: Keeping websocket alive with sequence 12
2018-02-27 15:03:08,975:DEBUG:discord.client: Dispatching event socket_raw_receive
2018-02-27 15:03:08,975:DEBUG:discord.gateway: WebSocket Event: {'t': None, 's': None, 'op': 11, 'd': None}
2018-02-27 15:03:08,975:DEBUG:discord.client: Dispatching event socket_response
2018-02-27 15:03:50,146:DEBUG:discord.gateway: Keeping websocket alive with sequence 12
2018-02-27 15:03:50,247:DEBUG:discord.client: Dispatching event socket_raw_receive
2018-02-27 15:03:50,247:DEBUG:discord.gateway: WebSocket Event: {'t': None, 's': None, 'op': 11, 'd': None}
2018-02-27 15:03:50,247:DEBUG:discord.client: Dispatching event socket_response
2018-02-27 15:04:31,415:DEBUG:discord.gateway: Keeping websocket alive with sequence 12
2018-02-27 15:04:31,499:DEBUG:discord.client: Dispatching event socket_raw_receive
2018-02-27 15:04:31,499:DEBUG:discord.gateway: WebSocket Event: {'t': None, 's': None, 'op': 11, 'd': None}
2018-02-27 15:04:31,499:DEBUG:discord.client: Dispatching event socket_response
2018-02-27 15:05:12,680:DEBUG:discord.gateway: Keeping websocket alive with sequence 12
2018-02-27 15:05:12,747:DEBUG:discord.client: Dispatching event socket_raw_receive
2018-02-27 15:05:12,747:DEBUG:discord.gateway: WebSocket Event: {'t': None, 's': None, 'op': 11, 'd': None}
2018-02-27 15:05:12,747:DEBUG:discord.client: Dispatching event socket_response
2018-02-27 15:05:53,934:DEBUG:discord.gateway: Keeping websocket alive with sequence 12
2018-02-27 15:05:54,015:DEBUG:discord.client: Dispatching event socket_raw_receive
2018-02-27 15:05:54,015:DEBUG:discord.gateway: WebSocket Event: {'t': None, 's': None, 'op': 11, 'd': None}
2018-02-27 15:05:54,016:DEBUG:discord.client: Dispatching event socket_response
2018-02-27 15:06:35,186:DEBUG:discord.gateway: Keeping websocket alive with sequence 12
2018-02-27 15:06:35,266:DEBUG:discord.client: Dispatching event socket_raw_receive
2018-02-27 15:06:35,266:DEBUG:discord.gateway: WebSocket Event: {'t': None, 's': None, 'op': 11, 'd': None}
2018-02-27 15:06:35,266:DEBUG:discord.client: Dispatching event socket_response
2018-02-27 15:07:16,440:DEBUG:discord.gateway: Keeping websocket alive with sequence 12
2018-02-27 15:07:16,522:DEBUG:discord.client: Dispatching event socket_raw_receive
2018-02-27 15:07:16,522:DEBUG:discord.gateway: WebSocket Event: {'t': None, 's': None, 'op': 11, 'd': None}
2018-02-27 15:07:16,522:DEBUG:discord.client: Dispatching event socket_response
2018-02-27 15:07:57,697:DEBUG:discord.gateway: Keeping websocket alive with sequence 12
2018-02-27 15:07:57,785:DEBUG:discord.client: Dispatching event socket_raw_receive
2018-02-27 15:07:57,785:DEBUG:discord.gateway: WebSocket Event: {'t': None, 's': None, 'op': 11, 'd': None}
2018-02-27 15:07:57,787:DEBUG:discord.client: Dispatching event socket_response
2018-02-27 15:08:38,947:DEBUG:discord.gateway: Keeping websocket alive with sequence 12
2018-02-27 15:08:39,032:DEBUG:discord.client: Dispatching event socket_raw_receive
2018-02-27 15:08:39,032:DEBUG:discord.gateway: WebSocket Event: {'t': None, 's': None, 'op': 11, 'd': None}
2018-02-27 15:08:39,032:DEBUG:discord.client: Dispatching event socket_response
2018-02-27 15:09:20,201:DEBUG:discord.gateway: Keeping websocket alive with sequence 12
2018-02-27 15:09:20,283:DEBUG:discord.client: Dispatching event socket_raw_receive
2018-02-27 15:09:20,283:DEBUG:discord.gateway: WebSocket Event: {'t': None, 's': None, 'op': 11, 'd': None}
2018-02-27 15:09:20,283:DEBUG:discord.client: Dispatching event socket_response
2018-02-27 15:10:01,455:DEBUG:discord.gateway: Keeping websocket alive with sequence 12
2018-02-27 15:10:01,542:DEBUG:discord.client: Dispatching event socket_raw_receive
2018-02-27 15:10:01,546:DEBUG:discord.gateway: WebSocket Event: {'t': None, 's': None, 'op': 11, 'd': None}
2018-02-27 15:10:01,546:DEBUG:discord.client: Dispatching event socket_response
2018-02-27 15:10:42,712:DEBUG:discord.gateway: Keeping websocket alive with sequence 12
2018-02-27 15:10:42,791:DEBUG:discord.client: Dispatching event socket_raw_receive
2018-02-27 15:10:42,791:DEBUG:discord.gateway: WebSocket Event: {'t': None, 's': None, 'op': 11, 'd': None}
2018-02-27 15:10:42,791:DEBUG:discord.client: Dispatching event socket_response
2018-02-27 15:11:23,966:DEBUG:discord.gateway: Keeping websocket alive with sequence 12
2018-02-27 15:11:24,048:DEBUG:discord.client: Dispatching event socket_raw_receive
2018-02-27 15:11:24,048:DEBUG:discord.gateway: WebSocket Event: {'t': None, 's': None, 'op': 11, 'd': None}
2018-02-27 15:11:24,048:DEBUG:discord.client: Dispatching event socket_response
2018-02-27 15:12:05,218:DEBUG:discord.gateway: Keeping websocket alive with sequence 12
2018-02-27 15:12:05,308:DEBUG:discord.client: Dispatching event socket_raw_receive
2018-02-27 15:12:05,308:DEBUG:discord.gateway: WebSocket Event: {'t': None, 's': None, 'op': 11, 'd': None}
2018-02-27 15:12:05,308:DEBUG:discord.client: Dispatching event socket_response
2018-02-27 15:12:46,475:DEBUG:discord.gateway: Keeping websocket alive with sequence 12
2018-02-27 15:12:46,560:DEBUG:discord.client: Dispatching event socket_raw_receive
2018-02-27 15:12:46,560:DEBUG:discord.gateway: WebSocket Event: {'t': None, 's': None, 'op': 11, 'd': None}
2018-02-27 15:12:46,560:DEBUG:discord.client: Dispatching event socket_response
2018-02-27 15:13:27,733:DEBUG:discord.gateway: Keeping websocket alive with sequence 12
2018-02-27 15:13:27,829:DEBUG:discord.client: Dispatching event socket_raw_receive
2018-02-27 15:13:27,829:DEBUG:discord.gateway: WebSocket Event: {'t': None, 's': None, 'op': 11, 'd': None}
2018-02-27 15:13:27,829:DEBUG:discord.client: Dispatching event socket_response
2018-02-27 15:14:08,990:DEBUG:discord.gateway: Keeping websocket alive with sequence 12
2018-02-27 15:14:09,073:DEBUG:discord.client: Dispatching event socket_raw_receive
2018-02-27 15:14:09,073:DEBUG:discord.gateway: WebSocket Event: {'t': None, 's': None, 'op': 11, 'd': None}
2018-02-27 15:14:09,077:DEBUG:discord.client: Dispatching event socket_response
2018-02-27 15:14:50,245:DEBUG:discord.gateway: Keeping websocket alive with sequence 12
2018-02-27 15:14:50,353:DEBUG:discord.client: Dispatching event socket_raw_receive
2018-02-27 15:14:50,353:DEBUG:discord.gateway: WebSocket Event: {'t': None, 's': None, 'op': 11, 'd': None}
2018-02-27 15:14:50,353:DEBUG:discord.client: Dispatching event socket_response
2018-02-27 15:15:31,503:DEBUG:discord.gateway: Keeping websocket alive with sequence 12
2018-02-27 15:15:31,597:DEBUG:discord.client: Dispatching event socket_raw_receive
2018-02-27 15:15:31,597:DEBUG:discord.gateway: WebSocket Event: {'t': None, 's': None, 'op': 11, 'd': None}
2018-02-27 15:15:31,597:DEBUG:discord.client: Dispatching event socket_response
2018-02-27 15:16:12,764:DEBUG:discord.gateway: Keeping websocket alive with sequence 12
2018-02-27 15:16:12,873:DEBUG:discord.client: Dispatching event socket_raw_receive
2018-02-27 15:16:12,873:DEBUG:discord.gateway: WebSocket Event: {'t': None, 's': None, 'op': 11, 'd': None}
2018-02-27 15:16:12,873:DEBUG:discord.client: Dispatching event socket_response
2018-02-27 15:16:54,020:DEBUG:discord.gateway: Keeping websocket alive with sequence 12
2018-02-27 15:16:54,098:DEBUG:discord.client: Dispatching event socket_raw_receive
2018-02-27 15:16:54,098:DEBUG:discord.gateway: WebSocket Event: {'t': None, 's': None, 'op': 11, 'd': None}
2018-02-27 15:16:54,098:DEBUG:discord.client: Dispatching event socket_response
2018-02-27 15:17:35,272:DEBUG:discord.gateway: Keeping websocket alive with sequence 12
2018-02-27 15:17:35,350:DEBUG:discord.client: Dispatching event socket_raw_receive
2018-02-27 15:17:35,350:DEBUG:discord.gateway: WebSocket Event: {'t': None, 's': None, 'op': 11, 'd': None}
2018-02-27 15:17:35,350:DEBUG:discord.client: Dispatching event socket_response
2018-02-27 15:18:16,526:DEBUG:discord.gateway: Keeping websocket alive with sequence 12
2018-02-27 15:18:16,604:DEBUG:discord.client: Dispatching event socket_raw_receive
2018-02-27 15:18:16,604:DEBUG:discord.gateway: WebSocket Event: {'t': None, 's': None, 'op': 11, 'd': None}
2018-02-27 15:18:16,604:DEBUG:discord.client: Dispatching event socket_response
2018-02-27 15:18:57,777:DEBUG:discord.gateway: Keeping websocket alive with sequence 12
2018-02-27 15:18:57,871:DEBUG:discord.client: Dispatching event socket_raw_receive
2018-02-27 15:18:57,871:DEBUG:discord.gateway: WebSocket Event: {'t': None, 's': None, 'op': 11, 'd': None}
2018-02-27 15:18:57,871:DEBUG:discord.client: Dispatching event socket_response
2018-02-27 15:19:39,028:DEBUG:discord.gateway: Keeping websocket alive with sequence 12
2018-02-27 15:19:39,106:DEBUG:discord.client: Dispatching event socket_raw_receive
2018-02-27 15:19:39,106:DEBUG:discord.gateway: WebSocket Event: {'t': None, 's': None, 'op': 11, 'd': None}
2018-02-27 15:19:39,106:DEBUG:discord.client: Dispatching event socket_response
2018-02-27 15:20:20,281:DEBUG:discord.gateway: Keeping websocket alive with sequence 12
2018-02-27 15:20:20,359:DEBUG:discord.client: Dispatching event socket_raw_receive
2018-02-27 15:20:20,359:DEBUG:discord.gateway: WebSocket Event: {'t': None, 's': None, 'op': 11, 'd': None}
2018-02-27 15:20:20,359:DEBUG:discord.client: Dispatching event socket_response
2018-02-27 15:21:01,543:DEBUG:discord.gateway: Keeping websocket alive with sequence 12
2018-02-27 15:21:01,622:DEBUG:discord.client: Dispatching event socket_raw_receive
2018-02-27 15:21:01,622:DEBUG:discord.gateway: WebSocket Event: {'t': None, 's': None, 'op': 11, 'd': None}
2018-02-27 15:21:01,622:DEBUG:discord.client: Dispatching event socket_response
2018-02-27 15:21:42,794:DEBUG:discord.gateway: Keeping websocket alive with sequence 12
2018-02-27 15:21:42,885:DEBUG:discord.client: Dispatching event socket_raw_receive
2018-02-27 15:21:42,885:DEBUG:discord.gateway: WebSocket Event: {'t': None, 's': None, 'op': 11, 'd': None}
2018-02-27 15:21:42,885:DEBUG:discord.client: Dispatching event socket_response
2018-02-27 15:22:24,046:DEBUG:discord.gateway: Keeping websocket alive with sequence 12
2018-02-27 15:22:24,138:DEBUG:discord.client: Dispatching event socket_raw_receive
2018-02-27 15:22:24,142:DEBUG:discord.gateway: WebSocket Event: {'t': None, 's': None, 'op': 11, 'd': None}
2018-02-27 15:22:24,142:DEBUG:discord.client: Dispatching event socket_response
2018-02-27 15:23:05,296:DEBUG:discord.gateway: Keeping websocket alive with sequence 12
2018-02-27 15:23:05,410:DEBUG:discord.client: Dispatching event socket_raw_receive
2018-02-27 15:23:05,410:DEBUG:discord.gateway: WebSocket Event: {'t': None, 's': None, 'op': 11, 'd': None}
2018-02-27 15:23:05,414:DEBUG:discord.client: Dispatching event socket_response
2018-02-27 15:23:46,551:DEBUG:discord.gateway: Keeping websocket alive with sequence 12
2018-02-27 15:23:46,640:DEBUG:discord.client: Dispatching event socket_raw_receive
2018-02-27 15:23:46,640:DEBUG:discord.gateway: WebSocket Event: {'t': None, 's': None, 'op': 11, 'd': None}
2018-02-27 15:23:46,640:DEBUG:discord.client: Dispatching event socket_response
2018-02-27 15:24:27,808:DEBUG:discord.gateway: Keeping websocket alive with sequence 12
2018-02-27 15:24:27,892:DEBUG:discord.client: Dispatching event socket_raw_receive
2018-02-27 15:24:27,892:DEBUG:discord.gateway: WebSocket Event: {'t': None, 's': None, 'op': 11, 'd': None}
2018-02-27 15:24:27,892:DEBUG:discord.client: Dispatching event socket_response
2018-02-27 15:25:09,063:DEBUG:discord.gateway: Keeping websocket alive with sequence 12
2018-02-27 15:25:09,145:DEBUG:discord.client: Dispatching event socket_raw_receive
2018-02-27 15:25:09,145:DEBUG:discord.gateway: WebSocket Event: {'t': None, 's': None, 'op': 11, 'd': None}
2018-02-27 15:25:09,145:DEBUG:discord.client: Dispatching event socket_response
2018-02-27 15:25:50,314:DEBUG:discord.gateway: Keeping websocket alive with sequence 12
2018-02-27 15:25:50,430:DEBUG:discord.client: Dispatching event socket_raw_receive
2018-02-27 15:25:50,430:DEBUG:discord.gateway: WebSocket Event: {'t': None, 's': None, 'op': 11, 'd': None}
2018-02-27 15:25:50,430:DEBUG:discord.client: Dispatching event socket_response
2018-02-27 15:26:31,569:DEBUG:discord.gateway: Keeping websocket alive with sequence 12
2018-02-27 15:26:31,656:DEBUG:discord.client: Dispatching event socket_raw_receive
2018-02-27 15:26:31,656:DEBUG:discord.gateway: WebSocket Event: {'t': None, 's': None, 'op': 11, 'd': None}
2018-02-27 15:26:31,656:DEBUG:discord.client: Dispatching event socket_response
2018-02-27 15:27:12,824:DEBUG:discord.gateway: Keeping websocket alive with sequence 12
2018-02-27 15:27:12,908:DEBUG:discord.client: Dispatching event socket_raw_receive
2018-02-27 15:27:12,908:DEBUG:discord.gateway: WebSocket Event: {'t': None, 's': None, 'op': 11, 'd': None}
2018-02-27 15:27:12,908:DEBUG:discord.client: Dispatching event socket_response
2018-02-27 15:27:54,082:DEBUG:discord.gateway: Keeping websocket alive with sequence 12
2018-02-27 15:27:54,166:DEBUG:discord.client: Dispatching event socket_raw_receive
2018-02-27 15:27:54,166:DEBUG:discord.gateway: WebSocket Event: {'t': None, 's': None, 'op': 11, 'd': None}
2018-02-27 15:27:54,166:DEBUG:discord.client: Dispatching event socket_response
2018-02-27 15:28:35,336:DEBUG:discord.gateway: Keeping websocket alive with sequence 12
2018-02-27 15:28:35,419:DEBUG:discord.client: Dispatching event socket_raw_receive
2018-02-27 15:28:35,423:DEBUG:discord.gateway: WebSocket Event: {'t': None, 's': None, 'op': 11, 'd': None}
2018-02-27 15:28:35,423:DEBUG:discord.client: Dispatching event socket_response
2018-02-27 15:29:16,588:DEBUG:discord.gateway: Keeping websocket alive with sequence 12
2018-02-27 15:29:16,672:DEBUG:discord.client: Dispatching event socket_raw_receive
2018-02-27 15:29:16,672:DEBUG:discord.gateway: WebSocket Event: {'t': None, 's': None, 'op': 11, 'd': None}
2018-02-27 15:29:16,672:DEBUG:discord.client: Dispatching event socket_response
2018-02-27 15:29:57,842:DEBUG:discord.gateway: Keeping websocket alive with sequence 12
2018-02-27 15:29:57,935:DEBUG:discord.client: Dispatching event socket_raw_receive
2018-02-27 15:29:57,935:DEBUG:discord.gateway: WebSocket Event: {'t': None, 's': None, 'op': 11, 'd': None}
2018-02-27 15:29:57,935:DEBUG:discord.client: Dispatching event socket_response
2018-02-27 15:30:39,092:DEBUG:discord.gateway: Keeping websocket alive with sequence 12
2018-02-27 15:30:39,174:DEBUG:discord.client: Dispatching event socket_raw_receive
2018-02-27 15:30:39,174:DEBUG:discord.gateway: WebSocket Event: {'t': None, 's': None, 'op': 11, 'd': None}
2018-02-27 15:30:39,174:DEBUG:discord.client: Dispatching event socket_response
2018-02-27 15:31:20,348:DEBUG:discord.gateway: Keeping websocket alive with sequence 12
2018-02-27 15:31:20,435:DEBUG:discord.client: Dispatching event socket_raw_receive
2018-02-27 15:31:20,435:DEBUG:discord.gateway: WebSocket Event: {'t': None, 's': None, 'op': 11, 'd': None}
2018-02-27 15:31:20,435:DEBUG:discord.client: Dispatching event socket_response
2018-02-27 15:32:01,604:DEBUG:discord.gateway: Keeping websocket alive with sequence 12
2018-02-27 15:32:01,694:DEBUG:discord.client: Dispatching event socket_raw_receive
2018-02-27 15:32:01,698:DEBUG:discord.gateway: WebSocket Event: {'t': None, 's': None, 'op': 11, 'd': None}
2018-02-27 15:32:01,698:DEBUG:discord.client: Dispatching event socket_response
2018-02-27 15:32:42,858:DEBUG:discord.gateway: Keeping websocket alive with sequence 12
2018-02-27 15:32:42,942:DEBUG:discord.client: Dispatching event socket_raw_receive
2018-02-27 15:32:42,943:DEBUG:discord.gateway: WebSocket Event: {'t': None, 's': None, 'op': 11, 'd': None}
2018-02-27 15:32:42,943:DEBUG:discord.client: Dispatching event socket_response
